<?xml version="1.0" encoding="UTF-8"?>
<testrun name="TinyModPlayerTest" project="TinyModPlayerTest" tests="8" started="8" failures="2" errors="0" ignored="0">
  <testsuite name="player.tinymod.test.TestPeriod" time="0.41">
    <testcase name="testAmigaMagicNumber" classname="player.tinymod.test.TestPeriod" time="0.058"/>
    <testcase name="testCropPeriod" classname="player.tinymod.test.TestPeriod" time="0.051"/>
    <testcase name="testKeyForPeriod" classname="player.tinymod.test.TestPeriod" time="0.05">
      <failure>junit.framework.AssertionFailedError: expected:&lt;37&gt; but was:&lt;48&gt;
at player.tinymod.test.TestPeriod.testKeyForPeriod(TestPeriod.java:30)
at java.lang.reflect.Method.invokeNative(Native Method)
at android.test.AndroidTestRunner.runTest(AndroidTestRunner.java:169)
at android.test.AndroidTestRunner.runTest(AndroidTestRunner.java:154)
at android.test.InstrumentationTestRunner.onStart(InstrumentationTestRunner.java:520)
at android.app.Instrumentation$InstrumentationThread.run(Instrumentation.java:1447)

</failure>
    </testcase>
    <testcase name="testPeriodForKey" classname="player.tinymod.test.TestPeriod" time="0.025"/>
    <testcase name="testPeriodForKeyBounds" classname="player.tinymod.test.TestPeriod" time="0.075"/>
    <testcase name="testPeriodForKeyFinetune" classname="player.tinymod.test.TestPeriod" time="0.025"/>
    <testcase name="testSnapPeriod" classname="player.tinymod.test.TestPeriod" time="0.025">
      <failure>junit.framework.AssertionFailedError
at player.tinymod.test.TestPeriod.testSnapPeriod(TestPeriod.java:39)
at java.lang.reflect.Method.invokeNative(Native Method)
at android.test.AndroidTestRunner.runTest(AndroidTestRunner.java:169)
at android.test.AndroidTestRunner.runTest(AndroidTestRunner.java:154)
at android.test.InstrumentationTestRunner.onStart(InstrumentationTestRunner.java:520)
at android.app.Instrumentation$InstrumentationThread.run(Instrumentation.java:1447)

</failure>
    </testcase>
    <testcase name="testZeroKeyForPeriod" classname="player.tinymod.test.TestPeriod" time="0.05"/>
  </testsuite>
</testrun>
